<?xml version="1.0" encoding="UTF-8"?>
<!-- Generated by org.testng.reporters.JUnitXMLReporter -->
<testsuite hostname="DESKTOP-0SONAS9" ignored="0" name="Default test" tests="4" failures="0" timestamp="2022-11-13T12:06:30 IST" time="0.209" errors="0">
  <testcase name="BookFlight_RoundTrip_TestCase1" time="0.024" classname="Bookings.BookingFlights"/>
  <testcase name="BookFlight_RoundTrip_TestCase2" time="0.009" classname="Bookings.BookingFlights"/>
  <testcase name="BookFlight_RoundTrip_TestCase3" time="0.011" classname="Bookings.BookingFlights"/>
  <testcase name="BookFlight_RoundTrip_TestCase4" time="0.014" classname="Bookings.BookingFlights"/>
</testsuite> <!-- Default test -->
