<?xml version="1.0" encoding="UTF-8"?>
<!-- Generated by org.testng.reporters.JUnitXMLReporter -->
<testsuite hostname="DESKTOP-0SONAS9" ignored="0" name="Test" tests="9" failures="2" timestamp="2022-11-13T11:34:11 IST" time="0.222" errors="0">
  <testcase name="TestCase02" time="0.023" classname="RetryLogicDemo.TestCasesExample">
    <skipped/>
  </testcase> <!-- TestCase02 -->
  <testcase name="TestCase02" time="0.004" classname="RetryLogicDemo.TestCasesExample">
    <skipped/>
  </testcase> <!-- TestCase02 -->
  <testcase name="TestCase02" time="0.006" classname="RetryLogicDemo.TestCasesExample">
    <skipped/>
  </testcase> <!-- TestCase02 -->
  <testcase name="TestCase02" time="0.003" classname="RetryLogicDemo.TestCasesExample">
    <failure type="java.lang.AssertionError">
      <![CDATA[java.lang.AssertionError
at org.junit.Assert.fail(Assert.java:87)
at org.junit.Assert.assertTrue(Assert.java:42)
at org.junit.Assert.assertTrue(Assert.java:53)
at RetryLogicDemo.TestCasesExample.TestCase02(TestCasesExample.java:17)
at java.util.ArrayList.forEach(ArrayList.java:1257)
... Removed 27 stack frames]]>
    </failure>
  </testcase> <!-- TestCase02 -->
  <testcase name="TestCase03" time="0.006" classname="RetryLogicDemo.TestCasesExample"/>
  <testcase name="TestCase01" time="0.006" classname="RetryLogicDemo.TestCasesExample">
    <skipped/>
  </testcase> <!-- TestCase01 -->
  <testcase name="TestCase01" time="0.003" classname="RetryLogicDemo.TestCasesExample">
    <skipped/>
  </testcase> <!-- TestCase01 -->
  <testcase name="TestCase01" time="0.005" classname="RetryLogicDemo.TestCasesExample">
    <skipped/>
  </testcase> <!-- TestCase01 -->
  <testcase name="TestCase01" time="0.009" classname="RetryLogicDemo.TestCasesExample">
    <failure type="java.lang.AssertionError">
      <![CDATA[java.lang.AssertionError
at org.junit.Assert.fail(Assert.java:87)
at org.junit.Assert.assertTrue(Assert.java:42)
at org.junit.Assert.assertTrue(Assert.java:53)
at RetryLogicDemo.TestCasesExample.TestCase01(TestCasesExample.java:11)
at java.util.ArrayList.forEach(ArrayList.java:1257)
... Removed 27 stack frames]]>
    </failure>
  </testcase> <!-- TestCase01 -->
</testsuite> <!-- Test -->
